# JRE version: OpenJDK Runtime Environment Corretto-21.0.3.9.1 (21.0.3+9) (build 21.0.3+9-LTS)
# Java VM: OpenJDK 64-Bit Server VM Corretto-21.0.3.9.1 (21.0.3+9-LTS, mixed mode, sharing, tiered, compressed oops, compressed class ptrs, g1 gc, windows-amd64)
GC Precious Log:
 CardTable entry size: 512
 Card Set container configuration: InlinePtr #cards 5 size 8 Array Of Cards #cards 12 size 40 Howl #buckets 4 coarsen threshold 1843 Howl Bitmap #cards 512 size 80 coarsen threshold 460 Card regions per heap region 1 cards per card region 2048
 CPUs: 16 total, 16 available
 Memory: 127G
 Large Page Support: Disabled
 NUMA Support: Disabled
 Compressed Oops: Enabled (32-bit)
 Heap Region Size: 1M
 Heap Min Capacity: 256M
 Heap Initial Capacity: 256M
 Heap Max Capacity: 512M
 Pre-touch: Disabled
 Parallel Workers: 13
 Concurrent Workers: 3
 Concurrent Refinement Workers: 13
 Periodic GC: Disabled
Heap:
 garbage-first heap   total 262144K, used 137369K [0x00000000e0000000, 0x0000000100000000)
  region size 1024K, 79 young (80896K), 8 survivors (8192K)
 Metaspace       used 48051K, committed 49536K, reserved 393216K
  class space    used 6693K, committed 7424K, reserved 327680K
GC Heap History (20 events):
Event: 18.071 GC heap before
{Heap before GC invocations=10 (full 0):
 garbage-first heap   total 262144K, used 202140K [0x00000000e0000000, 0x0000000100000000)
  region size 1024K, 153 young (156672K), 14 survivors (14336K)
 Metaspace       used 47902K, committed 49408K, reserved 393216K
  class space    used 6687K, committed 7424K, reserved 327680K
}
Event: 18.075 GC heap after
{Heap after GC invocations=11 (full 0):
 garbage-first heap   total 262144K, used 62353K [0x00000000e0000000, 0x0000000100000000)
  region size 1024K, 7 young (7168K), 7 survivors (7168K)
 Metaspace       used 47902K, committed 49408K, reserved 393216K
  class space    used 6687K, committed 7424K, reserved 327680K
}
Event: 18.254 GC heap before
{Heap before GC invocations=11 (full 0):
 garbage-first heap   total 262144K, used 210833K [0x00000000e0000000, 0x0000000100000000)
  region size 1024K, 153 young (156672K), 7 survivors (7168K)
 Metaspace       used 47910K, committed 49408K, reserved 393216K
  class space    used 6688K, committed 7424K, reserved 327680K
}
Event: 18.257 GC heap after
{Heap after GC invocations=12 (full 0):
 garbage-first heap   total 262144K, used 64415K [0x00000000e0000000, 0x0000000100000000)
  region size 1024K, 9 young (9216K), 9 survivors (9216K)
 Metaspace       used 47910K, committed 49408K, reserved 393216K
  class space    used 6688K, committed 7424K, reserved 327680K
}
Event: 18.420 GC heap before
{Heap before GC invocations=12 (full 0):
 garbage-first heap   total 262144K, used 211871K [0x00000000e0000000, 0x0000000100000000)
  region size 1024K, 153 young (156672K), 9 survivors (9216K)
 Metaspace       used 47911K, committed 49408K, reserved 393216K
  class space    used 6688K, committed 7424K, reserved 327680K
}
Event: 18.423 GC heap after
{Heap after GC invocations=13 (full 0):
 garbage-first heap   total 262144K, used 66542K [0x00000000e0000000, 0x0000000100000000)
  region size 1024K, 11 young (11264K), 11 survivors (11264K)
 Metaspace       used 47911K, committed 49408K, reserved 393216K
  class space    used 6688K, committed 7424K, reserved 327680K
}
Event: 18.606 GC heap before
{Heap before GC invocations=13 (full 0):
 garbage-first heap   total 262144K, used 216046K [0x00000000e0000000, 0x0000000100000000)
  region size 1024K, 153 young (156672K), 11 survivors (11264K)
 Metaspace       used 47924K, committed 49408K, reserved 393216K
  class space    used 6688K, committed 7424K, reserved 327680K
}
Event: 18.609 GC heap after
{Heap after GC invocations=14 (full 0):
 garbage-first heap   total 262144K, used 65130K [0x00000000e0000000, 0x0000000100000000)
  region size 1024K, 10 young (10240K), 10 survivors (10240K)
 Metaspace       used 47924K, committed 49408K, reserved 393216K
  class space    used 6688K, committed 7424K, reserved 327680K
}
Event: 18.834 GC heap before
{Heap before GC invocations=14 (full 0):
 garbage-first heap   total 262144K, used 211562K [0x00000000e0000000, 0x0000000100000000)
  region size 1024K, 153 young (156672K), 10 survivors (10240K)
 Metaspace       used 47960K, committed 49408K, reserved 393216K
  class space    used 6692K, committed 7424K, reserved 327680K
}
Event: 18.837 GC heap after
{Heap after GC invocations=15 (full 0):
 garbage-first heap   total 262144K, used 67566K [0x00000000e0000000, 0x0000000100000000)
  region size 1024K, 12 young (12288K), 12 survivors (12288K)
 Metaspace       used 47960K, committed 49408K, reserved 393216K
  class space    used 6692K, committed 7424K, reserved 327680K
}
Event: 19.123 GC heap before
{Heap before GC invocations=15 (full 0):
 garbage-first heap   total 262144K, used 217070K [0x00000000e0000000, 0x0000000100000000)
  region size 1024K, 153 young (156672K), 12 survivors (12288K)
 Metaspace       used 47975K, committed 49408K, reserved 393216K
  class space    used 6692K, committed 7424K, reserved 327680K
}
Event: 19.134 GC heap after
{Heap after GC invocations=16 (full 0):
 garbage-first heap   total 262144K, used 61287K [0x00000000e0000000, 0x0000000100000000)
  region size 1024K, 4 young (4096K), 4 survivors (4096K)
 Metaspace       used 47975K, committed 49408K, reserved 393216K
  class space    used 6692K, committed 7424K, reserved 327680K
}
Event: 19.468 GC heap before
{Heap before GC invocations=16 (full 0):
 garbage-first heap   total 262144K, used 213863K [0x00000000e0000000, 0x0000000100000000)
  region size 1024K, 153 young (156672K), 4 survivors (4096K)
 Metaspace       used 48038K, committed 49536K, reserved 393216K
  class space    used 6692K, committed 7424K, reserved 327680K
}
Event: 19.470 GC heap after
{Heap after GC invocations=17 (full 0):
 garbage-first heap   total 262144K, used 61346K [0x00000000e0000000, 0x0000000100000000)
  region size 1024K, 4 young (4096K), 4 survivors (4096K)
 Metaspace       used 48038K, committed 49536K, reserved 393216K
  class space    used 6692K, committed 7424K, reserved 327680K
}
Event: 19.745 GC heap before
{Heap before GC invocations=17 (full 0):
 garbage-first heap   total 262144K, used 213922K [0x00000000e0000000, 0x0000000100000000)
  region size 1024K, 153 young (156672K), 4 survivors (4096K)
 Metaspace       used 48043K, committed 49536K, reserved 393216K
  class space    used 6692K, committed 7424K, reserved 327680K
}
Event: 19.747 GC heap after
{Heap after GC invocations=18 (full 0):
 garbage-first heap   total 262144K, used 62670K [0x00000000e0000000, 0x0000000100000000)
  region size 1024K, 5 young (5120K), 5 survivors (5120K)
 Metaspace       used 48043K, committed 49536K, reserved 393216K
  class space    used 6692K, committed 7424K, reserved 327680K
}
Event: 20.048 GC heap before
{Heap before GC invocations=18 (full 0):
 garbage-first heap   total 262144K, used 214222K [0x00000000e0000000, 0x0000000100000000)
  region size 1024K, 153 young (156672K), 5 survivors (5120K)
 Metaspace       used 48045K, committed 49536K, reserved 393216K
  class space    used 6693K, committed 7424K, reserved 327680K
}
Event: 20.051 GC heap after
{Heap after GC invocations=19 (full 0):
 garbage-first heap   total 262144K, used 63935K [0x00000000e0000000, 0x0000000100000000)
  region size 1024K, 6 young (6144K), 6 survivors (6144K)
 Metaspace       used 48045K, committed 49536K, reserved 393216K
  class space    used 6693K, committed 7424K, reserved 327680K
}
Event: 20.258 GC heap before
{Heap before GC invocations=19 (full 0):
 garbage-first heap   total 262144K, used 214463K [0x00000000e0000000, 0x0000000100000000)
  region size 1024K, 153 young (156672K), 6 survivors (6144K)
 Metaspace       used 48046K, committed 49536K, reserved 393216K
  class space    used 6693K, committed 7424K, reserved 327680K
}
Event: 20.260 GC heap after
{Heap after GC invocations=20 (full 0):
 garbage-first heap   total 262144K, used 65689K [0x00000000e0000000, 0x0000000100000000)
  region size 1024K, 8 young (8192K), 8 survivors (8192K)
 Metaspace       used 48046K, committed 49536K, reserved 393216K
  class space    used 6693K, committed 7424K, reserved 327680K
}

